<?xml version="1.0" encoding="UTF-8"?>
<!-- Generated by org.testng.reporters.JUnitReportReporter -->
<testsuite hostname="Amits-MacBook-Pro.local" failures="0" tests="1" name="social_media_automation.sma.FirstTest" time="0.013" errors="0" timestamp="2022-02-13T17:15:39 IST" skipped="0">
  <testcase classname="social_media_automation.sma.FirstTest" name="test" time="0.013"/>
  <system-out/>
</testsuite> <!-- social_media_automation.sma.FirstTest -->
